-------------------------------------------------------------------------------
Test set: com.txn.statistics.test.StatsTest
-------------------------------------------------------------------------------
Tests run: 1, Failures: 0, Errors: 1, Skipped: 0, Time elapsed: 0.502 s <<< FAILURE! - in com.txn.statistics.test.StatsTest
initializationError(com.txn.statistics.test.StatsTest)  Time elapsed: 0.006 s  <<< ERROR!
java.lang.IllegalStateException: Unable to find a @SpringBootConfiguration, you need to use @ContextConfiguration or @SpringBootTest(classes=...) with your test

